on_reconnect: 0.25, 0
hello
log writing failed. closed stream
log writing failed. closed stream
log writing failed. closed stream
asdafda
log writing failed. closed stream
log writing failed. closed stream
log writing failed. closed stream
What it’s like to watch an episode of “Empire” with its co-creator, Lee Daniels http://t.co/PUNuRyuZ2W http://t.co/99TXdJwKgI
log writing failed. closed stream
log writing failed. closed stream
log writing failed. closed stream
Daily Roundup: PlayStation originals, super intelligent AI in movies and more! http://t.co/xUq7RZTI2H http://t.co/qPeMIm9VlI
log writing failed. closed stream
log writing failed. closed stream
log writing failed. closed stream
hello
log writing failed. closed stream
log writing failed. closed stream
log writing failed. closed stream
on_reconnect: 0.25, 0
You can now use your cellphone as a 3D modeling tool http://t.co/GUtJGNZzKM
log writing failed. closed stream
log writing failed. closed stream
log writing failed. closed stream
3 days until the Spring Game! #DYK we've had 3 generations of #Harbaugh coaches? #wehaveitbetter #umalumni http://t.co/gOUioeLEXf
log writing failed. closed stream
log writing failed. closed stream
log writing failed. closed stream
East coasters. Tell us what's happening on #Supernatural right now! I'm dying to find out what happens!
log writing failed. closed stream
log writing failed. closed stream
log writing failed. closed stream
The NYT obituary for Cynthia Lennon, the first wife of the Beatles’ John Lennon http://t.co/GTkEEssrtZ http://t.co/hGnYfetSwB
log writing failed. closed stream
log writing failed. closed stream
log writing failed. closed stream
RT @iIIgowithyou: "@mishacollins u died" I did!?! Oh, Sh*t! Better start auditioning again.
log writing failed. closed stream
log writing failed. closed stream
log writing failed. closed stream
"It took me five years to call myself a survivor. We all heal in different ways and at different rates." http://t.co/0fMoM5DHR7
log writing failed. closed stream
log writing failed. closed stream
log writing failed. closed stream
New York detective put on desk duty after angry, profanity-laced tirade with Uber driver http://t.co/A3Pu9lGET5
log writing failed. closed stream
log writing failed. closed stream
log writing failed. closed stream
RT @WilliamShatner: @mishacollins Bill, you have to tweet more. The whole Ellen thing was a bust. Thought you said if we traded accounts yo…
log writing failed. closed stream
log writing failed. closed stream
log writing failed. closed stream
Sorry, Misha, @WilliamShatner, can't tweet now. I'm at my ranch, on my horse. Bareback. -bill
log writing failed. closed stream
log writing failed. closed stream
log writing failed. closed stream
Reddit’s Alexis Ohanian is coming to Disrupt New York http://t.co/ojkLaFKCJy http://t.co/iXdu4vXNYi
log writing failed. closed stream
log writing failed. closed stream
log writing failed. closed stream
How they made "Furious 7's" tricked out cars http://t.co/qCNjP33T1h http://t.co/ybhSwks7AN
log writing failed. closed stream
log writing failed. closed stream
log writing failed. closed stream
"Candor and brutal honesty are critical to us collectively being great parents." http://t.co/GDcH3F5OAr
log writing failed. closed stream
log writing failed. closed stream
log writing failed. closed stream
on_reconnect: 0.25, 0
ssfdafda
log writing failed. closed stream
log writing failed. closed stream
log writing failed. closed stream
afdasdfasdfasdfadf
log writing failed. closed stream
log writing failed. closed stream
log writing failed. closed stream
on_reconnect: 0.25, 0
sdfsdfsdf
log writing failed. closed stream
log writing failed. closed stream
log writing failed. closed stream
sdfsfsdf
log writing failed. closed stream
log writing failed. closed stream
log writing failed. closed stream
PlayStation's original programming future depends on 'Powers' http://t.co/Gyga8D216i http://t.co/jBzvtNOP0W
log writing failed. closed stream
log writing failed. closed stream
log writing failed. closed stream
sdfsfsd
log writing failed. closed stream
log writing failed. closed stream
log writing failed. closed stream
sfsdfsdf
log writing failed. closed stream
log writing failed. closed stream
log writing failed. closed stream
on_reconnect: 0.25, 0
